<?xml version="1.0" encoding="UTF-8"?>
<!-- Generated by org.testng.reporters.JUnitXMLReporter -->
<testsuite ignored="4" hostname="PQA-0591LT" failures="0" tests="1" name="Test" time="0.053" errors="0" timestamp="2023-08-07T11:47:58 EDT">
  <testcase classname="MobileTesting" name="FirstMobileTest" time="0.008"/>
  <testcase classname="MobileTesting" name="SecondMobileTest" time="0.0">
    <ignored/>
  </testcase> <!-- SecondMobileTest -->
  <testcase classname="WebTesting" name="SecondWebTest" time="0.0">
    <ignored/>
  </testcase> <!-- SecondWebTest -->
  <testcase classname="WebTesting" name="FirstWebTest" time="0.0">
    <ignored/>
  </testcase> <!-- FirstWebTest -->
  <testcase classname="WebTesting" name="ThirdWebTest" time="0.0">
    <ignored/>
  </testcase> <!-- ThirdWebTest -->
</testsuite> <!-- Test -->
