<?xml version="1.0" encoding="UTF-8"?>
<!-- Generated by org.testng.reporters.JUnitXMLReporter -->
<testsuite ignored="3" hostname="PQA-0591LT" failures="0" tests="2" name="Test" time="0.036" errors="0" timestamp="2023-08-07T12:22:14 EDT">
  <testcase classname="WebTesting" name="FirstWebTest" time="0.007"/>
  <testcase classname="MobileTesting" name="SecondMobileTest" time="0.0"/>
  <testcase classname="WebTesting" name="SecondWebTest" time="0.0">
    <ignored/>
  </testcase> <!-- SecondWebTest -->
  <testcase classname="MobileTesting" name="FirstMobileTest" time="0.0">
    <ignored/>
  </testcase> <!-- FirstMobileTest -->
  <testcase classname="WebTesting" name="ThirdWebTest" time="0.0">
    <ignored/>
  </testcase> <!-- ThirdWebTest -->
</testsuite> <!-- Test -->
